Flow report for SPI_slave
Thu Jan 28 17:29:56 2021
Quartus II Version 9.1 Build 350 03/24/2010 Service Pack 2 SJ Web Edition


---------------------
; Table of Contents ;
---------------------
  1. Legal Notice
  2. Flow Summary
  3. Flow Settings
  4. Flow Non-Default Global Settings
  5. Flow Elapsed Time
  6. Flow OS Summary
  7. Flow Log



----------------
; Legal Notice ;
----------------
Copyright (C) 1991-2010 Altera Corporation
Your use of Altera Corporation's design tools, logic functions 
and other software and tools, and its AMPP partner logic 
functions, and any output files from any of the foregoing 
(including device programming or simulation files), and any 
associated documentation or information are expressly subject 
to the terms and conditions of the Altera Program License 
Subscription Agreement, Altera MegaCore Function License 
Agreement, or other applicable license agreement, including, 
without limitation, that your use is for the sole purpose of 
programming logic devices manufactured by Altera and sold by 
Altera or its authorized distributors.  Please refer to the 
applicable agreement for further details.



+-----------------------------------------------------------------------------------+
; Flow Summary                                                                      ;
+------------------------------------+----------------------------------------------+
; Flow Status                        ; Successful - Thu Jan 28 17:29:55 2021        ;
; Quartus II Version                 ; 9.1 Build 350 03/24/2010 SP 2 SJ Web Edition ;
; Revision Name                      ; SPI_slave                                    ;
; Top-level Entity Name              ; Spi_slave                                    ;
; Family                             ; Cyclone III                                  ;
; Met timing requirements            ; N/A                                          ;
; Total logic elements               ; 177 / 5,136 ( 3 % )                          ;
;     Total combinational functions  ; 169 / 5,136 ( 3 % )                          ;
;     Dedicated logic registers      ; 75 / 5,136 ( 1 % )                           ;
; Total registers                    ; 75                                           ;
; Total pins                         ; 23 / 183 ( 13 % )                            ;
; Total virtual pins                 ; 0                                            ;
; Total memory bits                  ; 0 / 423,936 ( 0 % )                          ;
; Embedded Multiplier 9-bit elements ; 0 / 46 ( 0 % )                               ;
; Total PLLs                         ; 0 / 2 ( 0 % )                                ;
; Device                             ; EP3C5F256C6                                  ;
; Timing Models                      ; Final                                        ;
+------------------------------------+----------------------------------------------+


+-----------------------------------------+
; Flow Settings                           ;
+-------------------+---------------------+
; Option            ; Setting             ;
+-------------------+---------------------+
; Start date & time ; 01/28/2021 17:29:49 ;
; Main task         ; Compilation         ;
; Revision Name     ; SPI_slave           ;
+-------------------+---------------------+


+---------------------------------------------------------------------------------------------------------------------------------------------------------+
; Flow Non-Default Global Settings                                                                                                                        ;
+------------------------------------+---------------------------------------------------------------------+---------------+-------------+----------------+
; Assignment Name                    ; Value                                                               ; Default Value ; Entity Name ; Section Id     ;
+------------------------------------+---------------------------------------------------------------------+---------------+-------------+----------------+
; COMPILER_SIGNATURE_ID              ; 84440849534662.161185138809896                                      ; --            ; --          ; --             ;
; MISC_FILE                          ; C:/Users/chicken/Desktop/PGE_git/09_COM_FPGA_uC/FPGA/SPI_slave.dpf  ; --            ; --          ; --             ;
; MISC_FILE                          ; C:/Users/chicken/Desktop/PGE_git_/09_COM_FPGA_uC/FPGA/SPI_slave.dpf ; --            ; --          ; --             ;
; PARTITION_COLOR                    ; 16764057                                                            ; --            ; Spi_slave   ; Top            ;
; PARTITION_NETLIST_TYPE             ; SOURCE                                                              ; --            ; Spi_slave   ; Top            ;
; USE_GENERATED_PHYSICAL_CONSTRAINTS ; Off                                                                 ; --            ; --          ; eda_blast_fpga ;
+------------------------------------+---------------------------------------------------------------------+---------------+-------------+----------------+


+-------------------------------------------------------------------------------------------------------------------------------+
; Flow Elapsed Time                                                                                                             ;
+---------------------------+--------------+-------------------------+---------------------+------------------------------------+
; Module Name               ; Elapsed Time ; Average Processors Used ; Peak Virtual Memory ; Total CPU Time (on all processors) ;
+---------------------------+--------------+-------------------------+---------------------+------------------------------------+
; Analysis & Synthesis      ; 00:00:02     ; 1.0                     ; 243 MB              ; 00:00:02                           ;
; Fitter                    ; 00:00:04     ; 1.0                     ; 267 MB              ; 00:00:03                           ;
; TimeQuest Timing Analyzer ; 00:00:01     ; 1.0                     ; 232 MB              ; 00:00:01                           ;
; Assembler                 ; 00:00:00     ; 1.0                     ; 207 MB              ; 00:00:01                           ;
; Total                     ; 00:00:07     ; --                      ; --                  ; 00:00:06                           ;
+---------------------------+--------------+-------------------------+---------------------+------------------------------------+


+--------------------------------------------------------------------------------------------+
; Flow OS Summary                                                                            ;
+---------------------------+------------------+---------------+------------+----------------+
; Module Name               ; Machine Hostname ; OS Name       ; OS Version ; Processor type ;
+---------------------------+------------------+---------------+------------+----------------+
; Analysis & Synthesis      ; DESKTOP-72FANJJ  ; Windows Vista ; 6.2        ; x86_64         ;
; Fitter                    ; DESKTOP-72FANJJ  ; Windows Vista ; 6.2        ; x86_64         ;
; Assembler                 ; DESKTOP-72FANJJ  ; Windows Vista ; 6.2        ; x86_64         ;
; TimeQuest Timing Analyzer ; DESKTOP-72FANJJ  ; Windows Vista ; 6.2        ; x86_64         ;
+---------------------------+------------------+---------------+------------+----------------+


------------
; Flow Log ;
------------
quartus_map --read_settings_files=on --write_settings_files=off SPI_slave -c SPI_slave
quartus_fit --read_settings_files=off --write_settings_files=off SPI_slave -c SPI_slave
quartus_asm --read_settings_files=off --write_settings_files=off SPI_slave -c SPI_slave
quartus_sta SPI_slave -c SPI_slave



